<?xml version="1.0" encoding="UTF-8"?>
<coverage generated="1645371600791" clover="3.2.0">
  <project timestamp="1645371600792" name="All files">
    <metrics statements="69" coveredstatements="66" conditionals="30" coveredconditionals="29" methods="24" coveredmethods="23" elements="123" coveredelements="118" complexity="0" loc="69" ncloc="69" packages="10" files="10" classes="10"/>
    <package name="App">
      <metrics statements="5" coveredstatements="5" conditionals="0" coveredconditionals="0" methods="2" coveredmethods="2"/>
      <file name="App.tsx" path="C:\Users\Professional\Desktop\Pet Todo\Todo\client\src\components\App\App.tsx">
        <metrics statements="5" coveredstatements="5" conditionals="0" coveredconditionals="0" methods="2" coveredmethods="2"/>
        <line num="12" count="2" type="stmt"/>
        <line num="13" count="4" type="stmt"/>
        <line num="15" count="4" type="stmt"/>
        <line num="16" count="4" type="stmt"/>
        <line num="19" count="4" type="stmt"/>
      </file>
    </package>
    <package name="Btn">
      <metrics statements="3" coveredstatements="3" conditionals="4" coveredconditionals="4" methods="1" coveredmethods="1"/>
      <file name="Btn.tsx" path="C:\Users\Professional\Desktop\Pet Todo\Todo\client\src\components\Btn\Btn.tsx">
        <metrics statements="3" coveredstatements="3" conditionals="4" coveredconditionals="4" methods="1" coveredmethods="1"/>
        <line num="9" count="5" type="stmt"/>
        <line num="19" count="81" type="stmt"/>
        <line num="21" count="81" type="stmt"/>
      </file>
    </package>
    <package name="GitLink">
      <metrics statements="2" coveredstatements="2" conditionals="0" coveredconditionals="0" methods="1" coveredmethods="1"/>
      <file name="GitLink.tsx" path="C:\Users\Professional\Desktop\Pet Todo\Todo\client\src\components\GitLink\GitLink.tsx">
        <metrics statements="2" coveredstatements="2" conditionals="0" coveredconditionals="0" methods="1" coveredmethods="1"/>
        <line num="4" count="2" type="stmt"/>
        <line num="5" count="4" type="stmt"/>
      </file>
    </package>
    <package name="Input">
      <metrics statements="2" coveredstatements="2" conditionals="0" coveredconditionals="0" methods="1" coveredmethods="1"/>
      <file name="Input.tsx" path="C:\Users\Professional\Desktop\Pet Todo\Todo\client\src\components\Input\Input.tsx">
        <metrics statements="2" coveredstatements="2" conditionals="0" coveredconditionals="0" methods="1" coveredmethods="1"/>
        <line num="6" count="3" type="stmt"/>
        <line num="16" count="42" type="stmt"/>
      </file>
    </package>
    <package name="Loader">
      <metrics statements="4" coveredstatements="4" conditionals="2" coveredconditionals="2" methods="1" coveredmethods="1"/>
      <file name="Loader.tsx" path="C:\Users\Professional\Desktop\Pet Todo\Todo\client\src\components\Loader\Loader.tsx">
        <metrics statements="4" coveredstatements="4" conditionals="2" coveredconditionals="2" methods="1" coveredmethods="1"/>
        <line num="6" count="2" type="stmt"/>
        <line num="7" count="6" type="stmt"/>
        <line num="9" count="6" type="cond" truecount="2" falsecount="0"/>
        <line num="11" count="4" type="stmt"/>
      </file>
    </package>
    <package name="Message">
      <metrics statements="4" coveredstatements="4" conditionals="4" coveredconditionals="4" methods="1" coveredmethods="1"/>
      <file name="Message.tsx" path="C:\Users\Professional\Desktop\Pet Todo\Todo\client\src\components\Message\Message.tsx">
        <metrics statements="4" coveredstatements="4" conditionals="4" coveredconditionals="4" methods="1" coveredmethods="1"/>
        <line num="5" count="2" type="stmt"/>
        <line num="6" count="7" type="stmt"/>
        <line num="8" count="7" type="cond" truecount="4" falsecount="0"/>
        <line num="10" count="2" type="stmt"/>
      </file>
    </package>
    <package name="Search">
      <metrics statements="11" coveredstatements="8" conditionals="2" coveredconditionals="2" methods="4" coveredmethods="3"/>
      <file name="Search.tsx" path="C:\Users\Professional\Desktop\Pet Todo\Todo\client\src\components\Search\Search.tsx">
        <metrics statements="11" coveredstatements="8" conditionals="2" coveredconditionals="2" methods="4" coveredmethods="3"/>
        <line num="8" count="2" type="stmt"/>
        <line num="9" count="8" type="stmt"/>
        <line num="11" count="8" type="stmt"/>
        <line num="12" count="6" type="cond" truecount="2" falsecount="0"/>
        <line num="14" count="8" type="stmt"/>
        <line num="15" count="4" type="stmt"/>
        <line num="17" count="8" type="stmt"/>
        <line num="18" count="0" type="stmt"/>
        <line num="19" count="0" type="stmt"/>
        <line num="20" count="0" type="stmt"/>
        <line num="23" count="8" type="stmt"/>
      </file>
    </package>
    <package name="TodoAdd">
      <metrics statements="14" coveredstatements="14" conditionals="2" coveredconditionals="2" methods="4" coveredmethods="4"/>
      <file name="TodoAdd.tsx" path="C:\Users\Professional\Desktop\Pet Todo\Todo\client\src\components\TodoAdd\TodoAdd.tsx">
        <metrics statements="14" coveredstatements="14" conditionals="2" coveredconditionals="2" methods="4" coveredmethods="4"/>
        <line num="9" count="2" type="stmt"/>
        <line num="10" count="32" type="stmt"/>
        <line num="12" count="32" type="stmt"/>
        <line num="19" count="32" type="stmt"/>
        <line num="20" count="1" type="stmt"/>
        <line num="21" count="1" type="stmt"/>
        <line num="24" count="32" type="stmt"/>
        <line num="25" count="27" type="cond" truecount="2" falsecount="0"/>
        <line num="26" count="1" type="stmt"/>
        <line num="27" count="1" type="stmt"/>
        <line num="29" count="26" type="stmt"/>
        <line num="32" count="32" type="stmt"/>
        <line num="33" count="26" type="stmt"/>
        <line num="35" count="32" type="stmt"/>
      </file>
    </package>
    <package name="TodoItem">
      <metrics statements="10" coveredstatements="10" conditionals="10" coveredconditionals="10" methods="4" coveredmethods="4"/>
      <file name="TodoItem.tsx" path="C:\Users\Professional\Desktop\Pet Todo\Todo\client\src\components\TodoItem\TodoItem.tsx">
        <metrics statements="10" coveredstatements="10" conditionals="10" coveredconditionals="10" methods="4" coveredmethods="4"/>
        <line num="14" count="4" type="stmt"/>
        <line num="25" count="11" type="stmt"/>
        <line num="27" count="11" type="cond" truecount="2" falsecount="0"/>
        <line num="28" count="1" type="stmt"/>
        <line num="29" count="10" type="cond" truecount="4" falsecount="0"/>
        <line num="30" count="1" type="stmt"/>
        <line num="33" count="11" type="stmt"/>
        <line num="38" count="6" type="stmt"/>
        <line num="47" count="2" type="stmt"/>
        <line num="55" count="2" type="stmt"/>
      </file>
    </package>
    <package name="TodoList">
      <metrics statements="14" coveredstatements="14" conditionals="6" coveredconditionals="5" methods="5" coveredmethods="5"/>
      <file name="TodoList.tsx" path="C:\Users\Professional\Desktop\Pet Todo\Todo\client\src\components\TodoList\TodoList.tsx">
        <metrics statements="14" coveredstatements="14" conditionals="6" coveredconditionals="5" methods="5" coveredmethods="5"/>
        <line num="7" count="3" type="stmt"/>
        <line num="9" count="14" type="stmt"/>
        <line num="11" count="14" type="stmt"/>
        <line num="18" count="9" type="stmt"/>
        <line num="20" count="9" type="stmt"/>
        <line num="21" count="1" type="stmt"/>
        <line num="24" count="9" type="stmt"/>
        <line num="25" count="1" type="stmt"/>
        <line num="28" count="9" type="stmt"/>
        <line num="29" count="3" type="stmt"/>
        <line num="33" count="3" type="cond" truecount="1" falsecount="1"/>
        <line num="37" count="3" type="stmt"/>
        <line num="38" count="3" type="stmt"/>
        <line num="42" count="9" type="stmt"/>
      </file>
    </package>
  </project>
</coverage>
