{
  "C:\\Users\\Professional\\Desktop\\Pet Todo\\Todo\\client\\src\\components\\App\\App.tsx": {
    "path": "C:\\Users\\Professional\\Desktop\\Pet Todo\\Todo\\client\\src\\components\\App\\App.tsx",
    "statementMap": {
      "0": {
        "start": { "line": 12, "column": 33 },
        "end": { "line": 35, "column": 2 }
      },
      "1": {
        "start": { "line": 13, "column": 37 },
        "end": { "line": 13, "column": 46 }
      },
      "2": {
        "start": { "line": 15, "column": 2 },
        "end": { "line": 17, "column": 9 }
      },
      "3": {
        "start": { "line": 16, "column": 4 },
        "end": { "line": 16, "column": 15 }
      },
      "4": {
        "start": { "line": 19, "column": 2 },
        "end": { "line": 34, "column": 4 }
      }
    },
    "fnMap": {
      "0": {
        "name": "(anonymous_0)",
        "decl": {
          "start": { "line": 12, "column": 42 },
          "end": { "line": 12, "column": 43 }
        },
        "loc": {
          "start": { "line": 12, "column": 48 },
          "end": { "line": 35, "column": 1 }
        },
        "line": 12
      },
      "1": {
        "name": "(anonymous_1)",
        "decl": {
          "start": { "line": 15, "column": 12 },
          "end": { "line": 15, "column": 13 }
        },
        "loc": {
          "start": { "line": 15, "column": 18 },
          "end": { "line": 17, "column": 3 }
        },
        "line": 15
      }
    },
    "branchMap": {},
    "s": { "0": 2, "1": 4, "2": 4, "3": 4, "4": 4 },
    "f": { "0": 4, "1": 4 },
    "b": {},
    "_coverageSchema": "1a1c01bbd47fc00a2c39e90264f33305004495a9",
    "hash": "4d3a96e9de05e6cee5a6124b20fa4087e5a995f1"
  },
  "C:\\Users\\Professional\\Desktop\\Pet Todo\\Todo\\client\\src\\components\\Btn\\Btn.tsx": {
    "path": "C:\\Users\\Professional\\Desktop\\Pet Todo\\Todo\\client\\src\\components\\Btn\\Btn.tsx",
    "statementMap": {
      "0": {
        "start": { "line": 9, "column": 25 },
        "end": { "line": 37, "column": 1 }
      },
      "1": {
        "start": { "line": 19, "column": 32 },
        "end": { "line": 19, "column": 35 }
      },
      "2": {
        "start": { "line": 21, "column": 2 },
        "end": { "line": 36, "column": 4 }
      }
    },
    "fnMap": {
      "0": {
        "name": "(anonymous_0)",
        "decl": {
          "start": { "line": 9, "column": 25 },
          "end": { "line": 9, "column": 26 }
        },
        "loc": {
          "start": { "line": 18, "column": 6 },
          "end": { "line": 37, "column": 1 }
        },
        "line": 18
      }
    },
    "branchMap": {
      "0": {
        "loc": {
          "start": { "line": 24, "column": 8 },
          "end": { "line": 26, "column": 35 }
        },
        "type": "cond-expr",
        "locations": [
          {
            "start": { "line": 25, "column": 12 },
            "end": { "line": 25, "column": 49 }
          },
          {
            "start": { "line": 26, "column": 12 },
            "end": { "line": 26, "column": 35 }
          }
        ],
        "line": 24
      },
      "1": {
        "loc": {
          "start": { "line": 29, "column": 12 },
          "end": { "line": 29, "column": 28 }
        },
        "type": "binary-expr",
        "locations": [
          {
            "start": { "line": 29, "column": 12 },
            "end": { "line": 29, "column": 16 }
          },
          {
            "start": { "line": 29, "column": 20 },
            "end": { "line": 29, "column": 28 }
          }
        ],
        "line": 29
      }
    },
    "s": { "0": 5, "1": 81, "2": 81 },
    "f": { "0": 81 },
    "b": { "0": [8, 73], "1": [81, 46] },
    "_coverageSchema": "1a1c01bbd47fc00a2c39e90264f33305004495a9",
    "hash": "8daae8c81a8d630ac410ece759a62f3b33d0547e"
  },
  "C:\\Users\\Professional\\Desktop\\Pet Todo\\Todo\\client\\src\\components\\GitLink\\GitLink.tsx": {
    "path": "C:\\Users\\Professional\\Desktop\\Pet Todo\\Todo\\client\\src\\components\\GitLink\\GitLink.tsx",
    "statementMap": {
      "0": {
        "start": { "line": 4, "column": 20 },
        "end": { "line": 32, "column": 1 }
      },
      "1": {
        "start": { "line": 5, "column": 2 },
        "end": { "line": 31, "column": 4 }
      }
    },
    "fnMap": {
      "0": {
        "name": "(anonymous_0)",
        "decl": {
          "start": { "line": 4, "column": 20 },
          "end": { "line": 4, "column": 21 }
        },
        "loc": {
          "start": { "line": 4, "column": 26 },
          "end": { "line": 32, "column": 1 }
        },
        "line": 4
      }
    },
    "branchMap": {},
    "s": { "0": 2, "1": 4 },
    "f": { "0": 4 },
    "b": {},
    "_coverageSchema": "1a1c01bbd47fc00a2c39e90264f33305004495a9",
    "hash": "b3b115074eb27b36b14603e6417112b8967a2719"
  },
  "C:\\Users\\Professional\\Desktop\\Pet Todo\\Todo\\client\\src\\components\\Input\\Input.tsx": {
    "path": "C:\\Users\\Professional\\Desktop\\Pet Todo\\Todo\\client\\src\\components\\Input\\Input.tsx",
    "statementMap": {
      "0": {
        "start": { "line": 6, "column": 26 },
        "end": { "line": 30, "column": 1 }
      },
      "1": {
        "start": { "line": 16, "column": 4 },
        "end": { "line": 28, "column": 6 }
      }
    },
    "fnMap": {
      "0": {
        "name": "(anonymous_0)",
        "decl": {
          "start": { "line": 7, "column": 2 },
          "end": { "line": 7, "column": 3 }
        },
        "loc": {
          "start": { "line": 15, "column": 8 },
          "end": { "line": 29, "column": 3 }
        },
        "line": 15
      }
    },
    "branchMap": {},
    "s": { "0": 3, "1": 42 },
    "f": { "0": 42 },
    "b": {},
    "_coverageSchema": "1a1c01bbd47fc00a2c39e90264f33305004495a9",
    "hash": "143d355a81f590fb6305b475ce437a7480623fad"
  },
  "C:\\Users\\Professional\\Desktop\\Pet Todo\\Todo\\client\\src\\components\\Loader\\Loader.tsx": {
    "path": "C:\\Users\\Professional\\Desktop\\Pet Todo\\Todo\\client\\src\\components\\Loader\\Loader.tsx",
    "statementMap": {
      "0": {
        "start": { "line": 6, "column": 15 },
        "end": { "line": 12, "column": 2 }
      },
      "1": {
        "start": { "line": 7, "column": 24 },
        "end": { "line": 7, "column": 33 }
      },
      "2": {
        "start": { "line": 9, "column": 2 },
        "end": { "line": 9, "column": 30 }
      },
      "3": {
        "start": { "line": 9, "column": 18 },
        "end": { "line": 9, "column": 30 }
      },
      "4": {
        "start": { "line": 11, "column": 2 },
        "end": { "line": 11, "column": 30 }
      }
    },
    "fnMap": {
      "0": {
        "name": "(anonymous_0)",
        "decl": {
          "start": { "line": 6, "column": 24 },
          "end": { "line": 6, "column": 25 }
        },
        "loc": {
          "start": { "line": 6, "column": 30 },
          "end": { "line": 12, "column": 1 }
        },
        "line": 6
      }
    },
    "branchMap": {
      "0": {
        "loc": {
          "start": { "line": 9, "column": 2 },
          "end": { "line": 9, "column": 30 }
        },
        "type": "if",
        "locations": [
          {
            "start": { "line": 9, "column": 2 },
            "end": { "line": 9, "column": 30 }
          },
          {
            "start": { "line": 9, "column": 2 },
            "end": { "line": 9, "column": 30 }
          }
        ],
        "line": 9
      }
    },
    "s": { "0": 2, "1": 6, "2": 6, "3": 2, "4": 4 },
    "f": { "0": 6 },
    "b": { "0": [2, 4] },
    "_coverageSchema": "1a1c01bbd47fc00a2c39e90264f33305004495a9",
    "hash": "9252db0b9f9cb19ae22c2e4e59a5f09b5c6d37d8"
  },
  "C:\\Users\\Professional\\Desktop\\Pet Todo\\Todo\\client\\src\\components\\Message\\Message.tsx": {
    "path": "C:\\Users\\Professional\\Desktop\\Pet Todo\\Todo\\client\\src\\components\\Message\\Message.tsx",
    "statementMap": {
      "0": {
        "start": { "line": 5, "column": 31 },
        "end": { "line": 11, "column": 2 }
      },
      "1": {
        "start": { "line": 6, "column": 37 },
        "end": { "line": 6, "column": 46 }
      },
      "2": {
        "start": { "line": 8, "column": 2 },
        "end": { "line": 8, "column": 51 }
      },
      "3": {
        "start": { "line": 8, "column": 39 },
        "end": { "line": 8, "column": 51 }
      },
      "4": {
        "start": { "line": 10, "column": 2 },
        "end": { "line": 10, "column": 31 }
      }
    },
    "fnMap": {
      "0": {
        "name": "(anonymous_0)",
        "decl": {
          "start": { "line": 5, "column": 40 },
          "end": { "line": 5, "column": 41 }
        },
        "loc": {
          "start": { "line": 5, "column": 58 },
          "end": { "line": 11, "column": 1 }
        },
        "line": 5
      }
    },
    "branchMap": {
      "0": {
        "loc": {
          "start": { "line": 8, "column": 2 },
          "end": { "line": 8, "column": 51 }
        },
        "type": "if",
        "locations": [
          {
            "start": { "line": 8, "column": 2 },
            "end": { "line": 8, "column": 51 }
          },
          {
            "start": { "line": 8, "column": 2 },
            "end": { "line": 8, "column": 51 }
          }
        ],
        "line": 8
      },
      "1": {
        "loc": {
          "start": { "line": 8, "column": 6 },
          "end": { "line": 8, "column": 37 }
        },
        "type": "binary-expr",
        "locations": [
          {
            "start": { "line": 8, "column": 6 },
            "end": { "line": 8, "column": 15 }
          },
          {
            "start": { "line": 8, "column": 19 },
            "end": { "line": 8, "column": 37 }
          }
        ],
        "line": 8
      }
    },
    "s": { "0": 2, "1": 7, "2": 7, "3": 5, "4": 2 },
    "f": { "0": 7 },
    "b": { "0": [5, 2], "1": [7, 2] },
    "_coverageSchema": "1a1c01bbd47fc00a2c39e90264f33305004495a9",
    "hash": "330e54f3d312de309dcf32c5d5b7046d7f81adb3"
  },
  "C:\\Users\\Professional\\Desktop\\Pet Todo\\Todo\\client\\src\\components\\Search\\Search.tsx": {
    "path": "C:\\Users\\Professional\\Desktop\\Pet Todo\\Todo\\client\\src\\components\\Search\\Search.tsx",
    "statementMap": {
      "0": {
        "start": { "line": 8, "column": 19 },
        "end": { "line": 68, "column": 2 }
      },
      "1": {
        "start": { "line": 9, "column": 65 },
        "end": { "line": 9, "column": 74 }
      },
      "2": {
        "start": { "line": 11, "column": 20 },
        "end": { "line": 12, "column": 53 }
      },
      "3": {
        "start": { "line": 12, "column": 4 },
        "end": { "line": 12, "column": 53 }
      },
      "4": {
        "start": { "line": 14, "column": 23 },
        "end": { "line": 15, "column": 28 }
      },
      "5": {
        "start": { "line": 15, "column": 4 },
        "end": { "line": 15, "column": 28 }
      },
      "6": {
        "start": { "line": 17, "column": 22 },
        "end": { "line": 21, "column": 3 }
      },
      "7": {
        "start": { "line": 18, "column": 21 },
        "end": { "line": 18, "column": 36 }
      },
      "8": {
        "start": { "line": 19, "column": 4 },
        "end": { "line": 19, "column": 22 }
      },
      "9": {
        "start": { "line": 20, "column": 4 },
        "end": { "line": 20, "column": 22 }
      },
      "10": {
        "start": { "line": 23, "column": 2 },
        "end": { "line": 67, "column": 4 }
      }
    },
    "fnMap": {
      "0": {
        "name": "(anonymous_0)",
        "decl": {
          "start": { "line": 8, "column": 28 },
          "end": { "line": 8, "column": 29 }
        },
        "loc": {
          "start": { "line": 8, "column": 34 },
          "end": { "line": 68, "column": 1 }
        },
        "line": 8
      },
      "1": {
        "name": "(anonymous_1)",
        "decl": {
          "start": { "line": 11, "column": 20 },
          "end": { "line": 11, "column": 21 }
        },
        "loc": {
          "start": { "line": 12, "column": 4 },
          "end": { "line": 12, "column": 53 }
        },
        "line": 12
      },
      "2": {
        "name": "(anonymous_2)",
        "decl": {
          "start": { "line": 14, "column": 23 },
          "end": { "line": 14, "column": 24 }
        },
        "loc": {
          "start": { "line": 15, "column": 4 },
          "end": { "line": 15, "column": 28 }
        },
        "line": 15
      },
      "3": {
        "name": "(anonymous_3)",
        "decl": {
          "start": { "line": 17, "column": 22 },
          "end": { "line": 17, "column": 23 }
        },
        "loc": {
          "start": { "line": 17, "column": 60 },
          "end": { "line": 21, "column": 3 }
        },
        "line": 17
      }
    },
    "branchMap": {
      "0": {
        "loc": {
          "start": { "line": 12, "column": 4 },
          "end": { "line": 12, "column": 53 }
        },
        "type": "cond-expr",
        "locations": [
          {
            "start": { "line": 12, "column": 24 },
            "end": { "line": 12, "column": 41 }
          },
          {
            "start": { "line": 12, "column": 44 },
            "end": { "line": 12, "column": 53 }
          }
        ],
        "line": 12
      }
    },
    "s": {
      "0": 2,
      "1": 8,
      "2": 8,
      "3": 6,
      "4": 8,
      "5": 4,
      "6": 8,
      "7": 0,
      "8": 0,
      "9": 0,
      "10": 8
    },
    "f": { "0": 8, "1": 6, "2": 4, "3": 0 },
    "b": { "0": [1, 5] },
    "_coverageSchema": "1a1c01bbd47fc00a2c39e90264f33305004495a9",
    "hash": "a528fe828ce051e6680127a261266662702eaf05"
  },
  "C:\\Users\\Professional\\Desktop\\Pet Todo\\Todo\\client\\src\\components\\TodoAdd\\TodoAdd.tsx": {
    "path": "C:\\Users\\Professional\\Desktop\\Pet Todo\\Todo\\client\\src\\components\\TodoAdd\\TodoAdd.tsx",
    "statementMap": {
      "0": {
        "start": { "line": 9, "column": 20 },
        "end": { "line": 59, "column": 2 }
      },
      "1": {
        "start": { "line": 10, "column": 40 },
        "end": { "line": 10, "column": 49 }
      },
      "2": {
        "start": { "line": 12, "column": 31 },
        "end": { "line": 17, "column": 3 }
      },
      "3": {
        "start": { "line": 19, "column": 22 },
        "end": { "line": 22, "column": 3 }
      },
      "4": {
        "start": { "line": 20, "column": 4 },
        "end": { "line": 20, "column": 27 }
      },
      "5": {
        "start": { "line": 21, "column": 4 },
        "end": { "line": 21, "column": 17 }
      },
      "6": {
        "start": { "line": 24, "column": 20 },
        "end": { "line": 30, "column": 3 }
      },
      "7": {
        "start": { "line": 25, "column": 4 },
        "end": { "line": 28, "column": 5 }
      },
      "8": {
        "start": { "line": 26, "column": 6 },
        "end": { "line": 26, "column": 19 }
      },
      "9": {
        "start": { "line": 27, "column": 6 },
        "end": { "line": 27, "column": 36 }
      },
      "10": {
        "start": { "line": 29, "column": 4 },
        "end": { "line": 29, "column": 21 }
      },
      "11": {
        "start": { "line": 32, "column": 23 },
        "end": { "line": 33, "column": 28 }
      },
      "12": {
        "start": { "line": 33, "column": 4 },
        "end": { "line": 33, "column": 28 }
      },
      "13": {
        "start": { "line": 35, "column": 2 },
        "end": { "line": 58, "column": 4 }
      }
    },
    "fnMap": {
      "0": {
        "name": "(anonymous_0)",
        "decl": {
          "start": { "line": 9, "column": 29 },
          "end": { "line": 9, "column": 30 }
        },
        "loc": {
          "start": { "line": 9, "column": 35 },
          "end": { "line": 59, "column": 1 }
        },
        "line": 9
      },
      "1": {
        "name": "(anonymous_1)",
        "decl": {
          "start": { "line": 19, "column": 22 },
          "end": { "line": 19, "column": 23 }
        },
        "loc": {
          "start": { "line": 19, "column": 28 },
          "end": { "line": 22, "column": 3 }
        },
        "line": 19
      },
      "2": {
        "name": "(anonymous_2)",
        "decl": {
          "start": { "line": 24, "column": 20 },
          "end": { "line": 24, "column": 21 }
        },
        "loc": {
          "start": { "line": 24, "column": 60 },
          "end": { "line": 30, "column": 3 }
        },
        "line": 24
      },
      "3": {
        "name": "(anonymous_3)",
        "decl": {
          "start": { "line": 32, "column": 23 },
          "end": { "line": 32, "column": 24 }
        },
        "loc": {
          "start": { "line": 33, "column": 4 },
          "end": { "line": 33, "column": 28 }
        },
        "line": 33
      }
    },
    "branchMap": {
      "0": {
        "loc": {
          "start": { "line": 25, "column": 4 },
          "end": { "line": 28, "column": 5 }
        },
        "type": "if",
        "locations": [
          {
            "start": { "line": 25, "column": 4 },
            "end": { "line": 28, "column": 5 }
          },
          {
            "start": { "line": 25, "column": 4 },
            "end": { "line": 28, "column": 5 }
          }
        ],
        "line": 25
      }
    },
    "s": {
      "0": 2,
      "1": 32,
      "2": 32,
      "3": 32,
      "4": 1,
      "5": 1,
      "6": 32,
      "7": 27,
      "8": 1,
      "9": 1,
      "10": 26,
      "11": 32,
      "12": 26,
      "13": 32
    },
    "f": { "0": 32, "1": 1, "2": 27, "3": 26 },
    "b": { "0": [1, 26] },
    "_coverageSchema": "1a1c01bbd47fc00a2c39e90264f33305004495a9",
    "hash": "66fa339ad51dbaedbec43b80d78ba6850f27034a"
  },
  "C:\\Users\\Professional\\Desktop\\Pet Todo\\Todo\\client\\src\\components\\TodoItem\\TodoItem.tsx": {
    "path": "C:\\Users\\Professional\\Desktop\\Pet Todo\\Todo\\client\\src\\components\\TodoItem\\TodoItem.tsx",
    "statementMap": {
      "0": {
        "start": { "line": 14, "column": 32 },
        "end": { "line": 66, "column": 1 }
      },
      "1": {
        "start": { "line": 25, "column": 22 },
        "end": { "line": 25, "column": 31 }
      },
      "2": {
        "start": { "line": 27, "column": 4 },
        "end": { "line": 31, "column": 5 }
      },
      "3": {
        "start": { "line": 28, "column": 6 },
        "end": { "line": 28, "column": 34 }
      },
      "4": {
        "start": { "line": 29, "column": 11 },
        "end": { "line": 31, "column": 5 }
      },
      "5": {
        "start": { "line": 30, "column": 6 },
        "end": { "line": 30, "column": 30 }
      },
      "6": {
        "start": { "line": 33, "column": 4 },
        "end": { "line": 64, "column": 6 }
      },
      "7": {
        "start": { "line": 38, "column": 24 },
        "end": { "line": 38, "column": 44 }
      },
      "8": {
        "start": { "line": 47, "column": 31 },
        "end": { "line": 47, "column": 47 }
      },
      "9": {
        "start": { "line": 55, "column": 31 },
        "end": { "line": 55, "column": 48 }
      }
    },
    "fnMap": {
      "0": {
        "name": "(anonymous_0)",
        "decl": {
          "start": { "line": 15, "column": 2 },
          "end": { "line": 15, "column": 3 }
        },
        "loc": {
          "start": { "line": 24, "column": 8 },
          "end": { "line": 65, "column": 3 }
        },
        "line": 24
      },
      "1": {
        "name": "(anonymous_1)",
        "decl": {
          "start": { "line": 38, "column": 17 },
          "end": { "line": 38, "column": 18 }
        },
        "loc": {
          "start": { "line": 38, "column": 24 },
          "end": { "line": 38, "column": 44 }
        },
        "line": 38
      },
      "2": {
        "name": "(anonymous_2)",
        "decl": {
          "start": { "line": 47, "column": 25 },
          "end": { "line": 47, "column": 26 }
        },
        "loc": {
          "start": { "line": 47, "column": 31 },
          "end": { "line": 47, "column": 47 }
        },
        "line": 47
      },
      "3": {
        "name": "(anonymous_3)",
        "decl": {
          "start": { "line": 55, "column": 25 },
          "end": { "line": 55, "column": 26 }
        },
        "loc": {
          "start": { "line": 55, "column": 31 },
          "end": { "line": 55, "column": 48 }
        },
        "line": 55
      }
    },
    "branchMap": {
      "0": {
        "loc": {
          "start": { "line": 27, "column": 4 },
          "end": { "line": 31, "column": 5 }
        },
        "type": "if",
        "locations": [
          {
            "start": { "line": 27, "column": 4 },
            "end": { "line": 31, "column": 5 }
          },
          {
            "start": { "line": 27, "column": 4 },
            "end": { "line": 31, "column": 5 }
          }
        ],
        "line": 27
      },
      "1": {
        "loc": {
          "start": { "line": 29, "column": 11 },
          "end": { "line": 31, "column": 5 }
        },
        "type": "if",
        "locations": [
          {
            "start": { "line": 29, "column": 11 },
            "end": { "line": 31, "column": 5 }
          },
          {
            "start": { "line": 29, "column": 11 },
            "end": { "line": 31, "column": 5 }
          }
        ],
        "line": 29
      },
      "2": {
        "loc": {
          "start": { "line": 29, "column": 15 },
          "end": { "line": 29, "column": 30 }
        },
        "type": "binary-expr",
        "locations": [
          {
            "start": { "line": 29, "column": 15 },
            "end": { "line": 29, "column": 22 }
          },
          {
            "start": { "line": 29, "column": 26 },
            "end": { "line": 29, "column": 30 }
          }
        ],
        "line": 29
      },
      "3": {
        "loc": {
          "start": { "line": 43, "column": 20 },
          "end": { "line": 43, "column": 48 }
        },
        "type": "cond-expr",
        "locations": [
          {
            "start": { "line": 43, "column": 29 },
            "end": { "line": 43, "column": 43 }
          },
          {
            "start": { "line": 43, "column": 46 },
            "end": { "line": 43, "column": 48 }
          }
        ],
        "line": 43
      },
      "4": {
        "loc": {
          "start": { "line": 60, "column": 13 },
          "end": { "line": 60, "column": 37 }
        },
        "type": "cond-expr",
        "locations": [
          {
            "start": { "line": 60, "column": 20 },
            "end": { "line": 60, "column": 28 }
          },
          {
            "start": { "line": 60, "column": 31 },
            "end": { "line": 60, "column": 37 }
          }
        ],
        "line": 60
      }
    },
    "s": {
      "0": 4,
      "1": 11,
      "2": 11,
      "3": 1,
      "4": 10,
      "5": 1,
      "6": 11,
      "7": 6,
      "8": 2,
      "9": 2
    },
    "f": { "0": 11, "1": 6, "2": 2, "3": 2 },
    "b": {
      "0": [1, 10],
      "1": [1, 9],
      "2": [10, 10],
      "3": [1, 10],
      "4": [1, 10]
    },
    "_coverageSchema": "1a1c01bbd47fc00a2c39e90264f33305004495a9",
    "hash": "08ee09a620095f0c1943eb09cd21a710451615a0"
  },
  "C:\\Users\\Professional\\Desktop\\Pet Todo\\Todo\\client\\src\\components\\TodoList\\TodoList.tsx": {
    "path": "C:\\Users\\Professional\\Desktop\\Pet Todo\\Todo\\client\\src\\components\\TodoList\\TodoList.tsx",
    "statementMap": {
      "0": {
        "start": { "line": 7, "column": 21 },
        "end": { "line": 60, "column": 2 }
      },
      "1": {
        "start": { "line": 9, "column": 4 },
        "end": { "line": 9, "column": 13 }
      },
      "2": {
        "start": { "line": 11, "column": 2 },
        "end": { "line": 59, "column": 4 }
      },
      "3": {
        "start": { "line": 18, "column": 30 },
        "end": { "line": 18, "column": 46 }
      },
      "4": {
        "start": { "line": 20, "column": 39 },
        "end": { "line": 22, "column": 17 }
      },
      "5": {
        "start": { "line": 21, "column": 18 },
        "end": { "line": 21, "column": 33 }
      },
      "6": {
        "start": { "line": 24, "column": 40 },
        "end": { "line": 26, "column": 17 }
      },
      "7": {
        "start": { "line": 25, "column": 18 },
        "end": { "line": 25, "column": 31 }
      },
      "8": {
        "start": { "line": 28, "column": 42 },
        "end": { "line": 40, "column": 17 }
      },
      "9": {
        "start": { "line": 29, "column": 33 },
        "end": { "line": 31, "column": 19 }
      },
      "10": {
        "start": { "line": 33, "column": 18 },
        "end": { "line": 39, "column": 19 }
      },
      "11": {
        "start": { "line": 37, "column": 20 },
        "end": { "line": 37, "column": 34 }
      },
      "12": {
        "start": { "line": 38, "column": 20 },
        "end": { "line": 38, "column": 38 }
      },
      "13": {
        "start": { "line": 42, "column": 16 },
        "end": { "line": 54, "column": 18 }
      }
    },
    "fnMap": {
      "0": {
        "name": "(anonymous_0)",
        "decl": {
          "start": { "line": 7, "column": 30 },
          "end": { "line": 7, "column": 31 }
        },
        "loc": {
          "start": { "line": 7, "column": 36 },
          "end": { "line": 60, "column": 1 }
        },
        "line": 7
      },
      "1": {
        "name": "(anonymous_1)",
        "decl": {
          "start": { "line": 17, "column": 19 },
          "end": { "line": 17, "column": 20 }
        },
        "loc": {
          "start": { "line": 17, "column": 62 },
          "end": { "line": 55, "column": 15 }
        },
        "line": 17
      },
      "2": {
        "name": "(anonymous_2)",
        "decl": {
          "start": { "line": 20, "column": 39 },
          "end": { "line": 20, "column": 40 }
        },
        "loc": {
          "start": { "line": 20, "column": 45 },
          "end": { "line": 22, "column": 17 }
        },
        "line": 20
      },
      "3": {
        "name": "(anonymous_3)",
        "decl": {
          "start": { "line": 24, "column": 40 },
          "end": { "line": 24, "column": 41 }
        },
        "loc": {
          "start": { "line": 24, "column": 46 },
          "end": { "line": 26, "column": 17 }
        },
        "line": 24
      },
      "4": {
        "name": "(anonymous_4)",
        "decl": {
          "start": { "line": 28, "column": 42 },
          "end": { "line": 28, "column": 43 }
        },
        "loc": {
          "start": { "line": 28, "column": 77 },
          "end": { "line": 40, "column": 17 }
        },
        "line": 28
      }
    },
    "branchMap": {
      "0": {
        "loc": {
          "start": { "line": 14, "column": 9 },
          "end": { "line": 56, "column": 16 }
        },
        "type": "cond-expr",
        "locations": [
          {
            "start": { "line": 15, "column": 12 },
            "end": { "line": 55, "column": 16 }
          },
          {
            "start": { "line": 56, "column": 12 },
            "end": { "line": 56, "column": 16 }
          }
        ],
        "line": 14
      },
      "1": {
        "loc": {
          "start": { "line": 33, "column": 18 },
          "end": { "line": 39, "column": 19 }
        },
        "type": "if",
        "locations": [
          {
            "start": { "line": 33, "column": 18 },
            "end": { "line": 39, "column": 19 }
          },
          {
            "start": { "line": 33, "column": 18 },
            "end": { "line": 39, "column": 19 }
          }
        ],
        "line": 33
      },
      "2": {
        "loc": {
          "start": { "line": 34, "column": 20 },
          "end": { "line": 35, "column": 59 }
        },
        "type": "binary-expr",
        "locations": [
          {
            "start": { "line": 34, "column": 20 },
            "end": { "line": 34, "column": 39 }
          },
          {
            "start": { "line": 35, "column": 20 },
            "end": { "line": 35, "column": 59 }
          }
        ],
        "line": 34
      }
    },
    "s": {
      "0": 3,
      "1": 14,
      "2": 14,
      "3": 9,
      "4": 9,
      "5": 1,
      "6": 9,
      "7": 1,
      "8": 9,
      "9": 3,
      "10": 3,
      "11": 3,
      "12": 3,
      "13": 9
    },
    "f": { "0": 14, "1": 9, "2": 1, "3": 1, "4": 3 },
    "b": { "0": [9, 5], "1": [3, 0], "2": [3, 3] },
    "_coverageSchema": "1a1c01bbd47fc00a2c39e90264f33305004495a9",
    "hash": "16447ffe241b418d5e25ec1c0f422c34940d9882"
  }
}
