TN:
SF:client\src\components\App\App.tsx
FN:12,(anonymous_0)
FN:15,(anonymous_1)
FNF:2
FNH:2
FNDA:4,(anonymous_0)
FNDA:4,(anonymous_1)
DA:12,2
DA:13,4
DA:15,4
DA:16,4
DA:19,4
LF:5
LH:5
BRF:0
BRH:0
end_of_record
TN:
SF:client\src\components\Btn\Btn.tsx
FN:9,(anonymous_0)
FNF:1
FNH:1
FNDA:81,(anonymous_0)
DA:9,5
DA:19,81
DA:21,81
LF:3
LH:3
BRDA:24,0,0,8
BRDA:24,0,1,73
BRDA:29,1,0,81
BRDA:29,1,1,46
BRF:4
BRH:4
end_of_record
TN:
SF:client\src\components\GitLink\GitLink.tsx
FN:4,(anonymous_0)
FNF:1
FNH:1
FNDA:4,(anonymous_0)
DA:4,2
DA:5,4
LF:2
LH:2
BRF:0
BRH:0
end_of_record
TN:
SF:client\src\components\Input\Input.tsx
FN:7,(anonymous_0)
FNF:1
FNH:1
FNDA:42,(anonymous_0)
DA:6,3
DA:16,42
LF:2
LH:2
BRF:0
BRH:0
end_of_record
TN:
SF:client\src\components\Loader\Loader.tsx
FN:6,(anonymous_0)
FNF:1
FNH:1
FNDA:6,(anonymous_0)
DA:6,2
DA:7,6
DA:9,6
DA:11,4
LF:4
LH:4
BRDA:9,0,0,2
BRDA:9,0,1,4
BRF:2
BRH:2
end_of_record
TN:
SF:client\src\components\Message\Message.tsx
FN:5,(anonymous_0)
FNF:1
FNH:1
FNDA:7,(anonymous_0)
DA:5,2
DA:6,7
DA:8,7
DA:10,2
LF:4
LH:4
BRDA:8,0,0,5
BRDA:8,0,1,2
BRDA:8,1,0,7
BRDA:8,1,1,2
BRF:4
BRH:4
end_of_record
TN:
SF:client\src\components\Search\Search.tsx
FN:8,(anonymous_0)
FN:11,(anonymous_1)
FN:14,(anonymous_2)
FN:17,(anonymous_3)
FNF:4
FNH:3
FNDA:8,(anonymous_0)
FNDA:6,(anonymous_1)
FNDA:4,(anonymous_2)
FNDA:0,(anonymous_3)
DA:8,2
DA:9,8
DA:11,8
DA:12,6
DA:14,8
DA:15,4
DA:17,8
DA:18,0
DA:19,0
DA:20,0
DA:23,8
LF:11
LH:8
BRDA:12,0,0,1
BRDA:12,0,1,5
BRF:2
BRH:2
end_of_record
TN:
SF:client\src\components\TodoAdd\TodoAdd.tsx
FN:9,(anonymous_0)
FN:19,(anonymous_1)
FN:24,(anonymous_2)
FN:32,(anonymous_3)
FNF:4
FNH:4
FNDA:32,(anonymous_0)
FNDA:1,(anonymous_1)
FNDA:27,(anonymous_2)
FNDA:26,(anonymous_3)
DA:9,2
DA:10,32
DA:12,32
DA:19,32
DA:20,1
DA:21,1
DA:24,32
DA:25,27
DA:26,1
DA:27,1
DA:29,26
DA:32,32
DA:33,26
DA:35,32
LF:14
LH:14
BRDA:25,0,0,1
BRDA:25,0,1,26
BRF:2
BRH:2
end_of_record
TN:
SF:client\src\components\TodoItem\TodoItem.tsx
FN:15,(anonymous_0)
FN:38,(anonymous_1)
FN:47,(anonymous_2)
FN:55,(anonymous_3)
FNF:4
FNH:4
FNDA:11,(anonymous_0)
FNDA:6,(anonymous_1)
FNDA:2,(anonymous_2)
FNDA:2,(anonymous_3)
DA:14,4
DA:25,11
DA:27,11
DA:28,1
DA:29,10
DA:30,1
DA:33,11
DA:38,6
DA:47,2
DA:55,2
LF:10
LH:10
BRDA:27,0,0,1
BRDA:27,0,1,10
BRDA:29,1,0,1
BRDA:29,1,1,9
BRDA:29,2,0,10
BRDA:29,2,1,10
BRDA:43,3,0,1
BRDA:43,3,1,10
BRDA:60,4,0,1
BRDA:60,4,1,10
BRF:10
BRH:10
end_of_record
TN:
SF:client\src\components\TodoList\TodoList.tsx
FN:7,(anonymous_0)
FN:17,(anonymous_1)
FN:20,(anonymous_2)
FN:24,(anonymous_3)
FN:28,(anonymous_4)
FNF:5
FNH:5
FNDA:14,(anonymous_0)
FNDA:9,(anonymous_1)
FNDA:1,(anonymous_2)
FNDA:1,(anonymous_3)
FNDA:3,(anonymous_4)
DA:7,3
DA:9,14
DA:11,14
DA:18,9
DA:20,9
DA:21,1
DA:24,9
DA:25,1
DA:28,9
DA:29,3
DA:33,3
DA:37,3
DA:38,3
DA:42,9
LF:14
LH:14
BRDA:14,0,0,9
BRDA:14,0,1,5
BRDA:33,1,0,3
BRDA:33,1,1,0
BRDA:34,2,0,3
BRDA:34,2,1,3
BRF:6
BRH:5
end_of_record
